c:\users\user\source\repos\printnightmaretest\printnightmare\x64\debug\vc142.pdb
c:\users\user\source\repos\printnightmaretest\printnightmare\x64\debug\vc142.idb
c:\users\user\source\repos\printnightmaretest\printnightmare\x64\debug\main.obj
c:\users\user\source\repos\printnightmaretest\printnightmare\x64\debug\concrt140d.dll
c:\users\user\source\repos\printnightmaretest\printnightmare\x64\debug\msvcp140d.dll
c:\users\user\source\repos\printnightmaretest\printnightmare\x64\debug\msvcp140d_atomic_wait.dll
c:\users\user\source\repos\printnightmaretest\printnightmare\x64\debug\msvcp140d_codecvt_ids.dll
c:\users\user\source\repos\printnightmaretest\printnightmare\x64\debug\msvcp140_1d.dll
c:\users\user\source\repos\printnightmaretest\printnightmare\x64\debug\msvcp140_2d.dll
c:\users\user\source\repos\printnightmaretest\printnightmare\x64\debug\vccorlib140d.dll
c:\users\user\source\repos\printnightmaretest\printnightmare\x64\debug\vcruntime140d.dll
c:\users\user\source\repos\printnightmaretest\printnightmare\x64\debug\vcruntime140_1d.dll
c:\users\user\source\repos\printnightmaretest\printnightmare\x64\debug\vcamp140d.dll
c:\users\user\source\repos\printnightmaretest\printnightmare\x64\debug\vcomp140d.dll
c:\users\user\source\repos\printnightmaretest\printnightmare\x64\debug\libomp140.x86_64.dll
c:\users\user\source\repos\printnightmaretest\printnightmare\x64\debug\libomp140d.x86_64.dll
c:\users\user\source\repos\printnightmaretest\printnightmare\x64\debug\ucrtbased.dll
c:\users\user\source\repos\printnightmaretest\printnightmare\x64\debug\printnightmare.ilk
c:\users\user\source\repos\printnightmaretest\printnightmare\x64\debug\printnightmare.exe
c:\users\user\source\repos\printnightmaretest\printnightmare\x64\debug\printnightmare.pdb
c:\users\user\source\repos\printnightmaretest\printnightmare\x64\debug\dll.pdb
c:\users\user\source\repos\printnightmaretest\printnightmare\x64\debug\printnightmare.tlog\cl.command.1.tlog
c:\users\user\source\repos\printnightmaretest\printnightmare\x64\debug\printnightmare.tlog\cl.read.1.tlog
c:\users\user\source\repos\printnightmaretest\printnightmare\x64\debug\printnightmare.tlog\cl.write.1.tlog
c:\users\user\source\repos\printnightmaretest\printnightmare\x64\debug\printnightmare.tlog\copylocal.read.1u.tlog
c:\users\user\source\repos\printnightmaretest\printnightmare\x64\debug\printnightmare.tlog\copylocal.write.1u.tlog
c:\users\user\source\repos\printnightmaretest\printnightmare\x64\debug\printnightmare.tlog\link.command.1.tlog
c:\users\user\source\repos\printnightmaretest\printnightmare\x64\debug\printnightmare.tlog\link.read.1.tlog
c:\users\user\source\repos\printnightmaretest\printnightmare\x64\debug\printnightmare.tlog\link.write.1.tlog
